Corrupt lines found : 0
Found 1695 usable lines Account Numbers !
--> Fetching account 138354 ..
Main Records of Account 138354 extracted successfully
Payments Table of Account 138354 saved successfully
0.058997050147492625% complete. Fetching next account ..
--> Fetching account 137893 ..
Main Records of Account 137893 extracted successfully
Payments Table of Account 137893 saved successfully
0.11799410029498525% complete. Fetching next account ..
--> Fetching account 137604 ..
Main Records of Account 137604 extracted successfully
Payments Table of Account 137604 saved successfully
0.17699115044247787% complete. Fetching next account ..
--> Fetching account 137349 ..
Main Records of Account 137349 extracted successfully
Payments Table of Account 137349 saved successfully
0.2359882005899705% complete. Fetching next account ..
--> Fetching account 136721 ..
Main Records of Account 136721 extracted successfully
Payments Table of Account 136721 saved successfully
0.2949852507374631% complete. Fetching next account ..
--> Fetching account 107771 ..
Main Records of Account 107771 extracted successfully
Payments Table of Account 107771 saved successfully
0.35398230088495575% complete. Fetching next account ..
--> Fetching account 140871 ..
Main Records of Account 140871 extracted successfully
Payments Table of Account 140871 saved successfully
0.41297935103244837% complete. Fetching next account ..
--> Fetching account 447862 ..
Main Records of Account 447862 extracted successfully
Payments Table of Account 447862 saved successfully
0.471976401179941% complete. Fetching next account ..
--> Fetching account 138917 ..
Main Records of Account 138917 extracted successfully
Payments Table of Account 138917 saved successfully
0.5309734513274337% complete. Fetching next account ..
--> Fetching account 134437 ..
Main Records of Account 134437 extracted successfully
Payments Table of Account 134437 saved successfully
0.5899705014749262% complete. Fetching next account ..
--> Fetching account 664245 ..
Main Records of Account 664245 extracted successfully
Payments Table of Account 664245 saved successfully
0.6489675516224189% complete. Fetching next account ..
--> Fetching account 134072 ..
Main Records of Account 134072 extracted successfully
Payments Table of Account 134072 saved successfully
0.7079646017699115% complete. Fetching next account ..
--> Fetching account 132993 ..
Main Records of Account 132993 extracted successfully
Payments Table of Account 132993 saved successfully
0.7669616519174042% complete. Fetching next account ..
--> Fetching account 668390 ..
Main Records of Account 668390 extracted successfully
Payments Table of Account 668390 saved successfully
0.8259587020648967% complete. Fetching next account ..
--> Fetching account 109116 ..
Main Records of Account 109116 extracted successfully
Payments Table of Account 109116 saved successfully
0.8849557522123894% complete. Fetching next account ..
--> Fetching account 109132 ..
Main Records of Account 109132 extracted successfully
Payments Table of Account 109132 saved successfully
0.943952802359882% complete. Fetching next account ..
--> Fetching account 404798 ..
Main Records of Account 404798 extracted successfully
Payments Table of Account 404798 saved successfully
1.0029498525073746% complete. Fetching next account ..
--> Fetching account 109488 ..
Main Records of Account 109488 extracted successfully
Payments Table of Account 109488 saved successfully
1.0619469026548674% complete. Fetching next account ..
--> Fetching account 578945 ..
Main Records of Account 578945 extracted successfully
Payments Table of Account 578945 saved successfully
1.12094395280236% complete. Fetching next account ..
--> Fetching account 414086 ..
Main Records of Account 414086 extracted successfully
Payments Table of Account 414086 saved successfully
1.1799410029498525% complete. Fetching next account ..
--> Fetching account 414045 ..
Main Records of Account 414045 extracted successfully
Payments Table of Account 414045 saved successfully
1.238938053097345% complete. Fetching next account ..
--> Fetching account 663870 ..
Main Records of Account 663870 extracted successfully
Payments Table of Account 663870 saved successfully
1.2979351032448379% complete. Fetching next account ..
--> Fetching account 663875 ..
Main Records of Account 663875 extracted successfully
Payments Table of Account 663875 saved successfully
1.3569321533923304% complete. Fetching next account ..
--> Fetching account 143404 ..
Main Records of Account 143404 extracted successfully
Payments Table of Account 143404 saved successfully
1.415929203539823% complete. Fetching next account ..
--> Fetching account 143107 ..
Main Records of Account 143107 extracted successfully
Payments Table of Account 143107 saved successfully
1.4749262536873156% complete. Fetching next account ..
--> Fetching account 664680 ..
Main Records of Account 664680 extracted successfully
Payments Table of Account 664680 saved successfully
1.5339233038348083% complete. Fetching next account ..
--> Fetching account 141283 ..
Main Records of Account 141283 extracted successfully
Payments Table of Account 141283 saved successfully
1.592920353982301% complete. Fetching next account ..
--> Fetching account 132399 ..
Main Records of Account 132399 extracted successfully
Payments Table of Account 132399 saved successfully
1.6519174041297935% complete. Fetching next account ..
--> Fetching account 425439 ..
Main Records of Account 425439 extracted successfully
Payments Table of Account 425439 saved successfully
1.710914454277286% complete. Fetching next account ..
--> Fetching account 131573 ..
Main Records of Account 131573 extracted successfully
Payments Table of Account 131573 saved successfully
1.7699115044247788% complete. Fetching next account ..
--> Fetching account 390468 ..
Main Records of Account 390468 extracted successfully
Payments Table of Account 390468 saved successfully
1.8289085545722714% complete. Fetching next account ..
--> Fetching account 130955 ..
Main Records of Account 130955 extracted successfully
Payments Table of Account 130955 saved successfully
1.887905604719764% complete. Fetching next account ..
--> Fetching account 593490 ..
Main Records of Account 593490 extracted successfully
Payments Table of Account 593490 saved successfully
1.9469026548672566% complete. Fetching next account ..
--> Fetching account 130849 ..
Main Records of Account 130849 extracted successfully
Payments Table of Account 130849 saved successfully
2.005899705014749% complete. Fetching next account ..
--> Fetching account 667975 ..
Main Records of Account 667975 extracted successfully
Payments Table of Account 667975 saved successfully
2.0648967551622417% complete. Fetching next account ..
--> Fetching account 110528 ..
Main Records of Account 110528 extracted successfully
Payments Table of Account 110528 saved successfully
2.1238938053097347% complete. Fetching next account ..
--> Fetching account 110494 ..
Main Records of Account 110494 extracted successfully
Payments Table of Account 110494 saved successfully
2.1828908554572273% complete. Fetching next account ..
--> Fetching account 110932 ..
Main Records of Account 110932 extracted successfully
Payments Table of Account 110932 saved successfully
2.24188790560472% complete. Fetching next account ..
--> Fetching account 653265 ..
Main Records of Account 653265 extracted successfully
Payments Table of Account 653265 saved successfully
2.3008849557522124% complete. Fetching next account ..
--> Fetching account 653175 ..
Main Records of Account 653175 extracted successfully
Payments Table of Account 653175 saved successfully
2.359882005899705% complete. Fetching next account ..
--> Fetching account 653235 ..
Main Records of Account 653235 extracted successfully
Payments Table of Account 653235 saved successfully
2.4188790560471976% complete. Fetching next account ..
--> Fetching account 664835 ..
Main Records of Account 664835 extracted successfully
Payments Table of Account 664835 saved successfully
2.47787610619469% complete. Fetching next account ..
--> Fetching account 664825 ..
Main Records of Account 664825 extracted successfully
Payments Table of Account 664825 saved successfully
2.5368731563421827% complete. Fetching next account ..
--> Fetching account 104497 ..
Main Records of Account 104497 extracted successfully
Payments Table of Account 104497 saved successfully
2.5958702064896757% complete. Fetching next account ..
--> Fetching account 104935 ..
Main Records of Account 104935 extracted successfully
Payments Table of Account 104935 saved successfully
2.6548672566371683% complete. Fetching next account ..
--> Fetching account 106948 ..
Main Records of Account 106948 extracted successfully
Payments Table of Account 106948 saved successfully
2.713864306784661% complete. Fetching next account ..
--> Fetching account 645525 ..
Main Records of Account 645525 extracted successfully
Payments Table of Account 645525 saved successfully
2.7728613569321534% complete. Fetching next account ..
--> Fetching account 105197 ..
Main Records of Account 105197 extracted successfully
Payments Table of Account 105197 saved successfully
2.831858407079646% complete. Fetching next account ..
--> Fetching account 144725 ..
Main Records of Account 144725 extracted successfully
Certificate Table of Account 144725 saved successfully
Payments Table of Account 144725 saved successfully
2.8908554572271385% complete. Fetching next account ..
--> Fetching account 665190 ..
Main Records of Account 665190 extracted successfully
Payments Table of Account 665190 saved successfully
2.949852507374631% complete. Fetching next account ..
--> Fetching account 479329 ..
Main Records of Account 479329 extracted successfully
Payments Table of Account 479329 saved successfully
3.0088495575221237% complete. Fetching next account ..
--> Fetching account 143883 ..
Main Records of Account 143883 extracted successfully
Payments Table of Account 143883 saved successfully
3.0678466076696167% complete. Fetching next account ..
--> Fetching account 605615 ..
Main Records of Account 605615 extracted successfully
Payments Table of Account 605615 saved successfully
3.1268436578171093% complete. Fetching next account ..
--> Fetching account 669100 ..
